[debug] [2023-02-10T04:01:45.405Z] ----------------------------------------------------------------------
[debug] [2023-02-10T04:01:45.407Z] Command:       C:\Program Files\nodejs\node.exe C:\Users\anakha.s\AppData\Roaming\npm\node_modules\firebase-tools\lib\bin\firebase.js init
[debug] [2023-02-10T04:01:45.407Z] CLI Version:   11.22.0
[debug] [2023-02-10T04:01:45.407Z] Platform:      win32
[debug] [2023-02-10T04:01:45.407Z] Node Version:  v16.15.1
[debug] [2023-02-10T04:01:45.411Z] Time:          Fri Feb 10 2023 09:31:45 GMT+0530 (India Standard Time)
[debug] [2023-02-10T04:01:45.411Z] ----------------------------------------------------------------------
[debug] 
[debug] [2023-02-10T04:01:45.425Z] > command requires scopes: ["email","openid","https://www.googleapis.com/auth/cloudplatformprojects.readonly","https://www.googleapis.com/auth/firebase","https://www.googleapis.com/auth/cloud-platform"]
[debug] [2023-02-10T04:01:45.425Z] > authorizing via signed-in user (anakha.s@travancoreanalytics.com)
[info] 
     ######## #### ########  ######## ########     ###     ######  ########
     ##        ##  ##     ## ##       ##     ##  ##   ##  ##       ##
     ######    ##  ########  ######   ########  #########  ######  ######
     ##        ##  ##    ##  ##       ##     ## ##     ##       ## ##
     ##       #### ##     ## ######## ########  ##     ##  ######  ########

You're about to initialize a Firebase project in this directory:

  C:\Users\anakha.s\Documents\angularworks\shopie

[info] 
=== Project Setup
[info] 
[info] First, let's associate this project directory with a Firebase project.
[info] You can create multiple project aliases by running firebase use --add, 
[info] but for now we'll just set up a default project.
[info] 
[debug] [2023-02-10T04:01:59.492Z] > refreshing access token with scopes: []
[debug] [2023-02-10T04:01:59.495Z] >>> [apiv2][query] POST https://www.googleapis.com/oauth2/v3/token [none]
[debug] [2023-02-10T04:01:59.495Z] >>> [apiv2][body] POST https://www.googleapis.com/oauth2/v3/token [omitted]
[debug] [2023-02-10T04:01:59.760Z] <<< [apiv2][status] POST https://www.googleapis.com/oauth2/v3/token 200
[debug] [2023-02-10T04:01:59.761Z] <<< [apiv2][body] POST https://www.googleapis.com/oauth2/v3/token [omitted]
[debug] [2023-02-10T04:01:59.800Z] >>> [apiv2][query] GET https://firebase.googleapis.com/v1beta1/projects pageSize=100
[debug] [2023-02-10T04:02:00.587Z] <<< [apiv2][status] GET https://firebase.googleapis.com/v1beta1/projects 200
[debug] [2023-02-10T04:02:00.587Z] <<< [apiv2][body] GET https://firebase.googleapis.com/v1beta1/projects [omitted]
[info] i  Using project shoppingcart-3a59d (shoppingcart) 
[info] 
=== Hosting Setup
[info] 
[info] Your public directory is the folder (relative to your project directory) that
[info] will contain Hosting assets to be uploaded with firebase deploy. If you
[info] have a build process for your assets, use your build's output directory.
[info] 
[debug] [2023-02-10T04:02:51.492Z] >>> [apiv2][query] GET https://www.gstatic.com/firebasejs/releases.json [none]
[debug] [2023-02-10T04:02:51.641Z] <<< [apiv2][status] GET https://www.gstatic.com/firebasejs/releases.json 200
[debug] [2023-02-10T04:02:51.641Z] <<< [apiv2][body] GET https://www.gstatic.com/firebasejs/releases.json {"current":{"version":"9.17.1","browserURL":"https://www.gstatic.com/firebasejs/9.17.1/firebase.js","packageURL":"https://www.gstatic.com/firebasejs/9.17.1/firebase.tgz"},"live":{"version":"9.17","browserURL":"https://www.gstatic.com/firebasejs/live/9.17/firebase.js","packageURL":"https://www.gstatic.com/firebasejs/live/9.17/firebase.tgz"},"components":{"analytics":"https://www.gstatic.com/firebasejs/9.17.1/firebase-analytics.js","app":"https://www.gstatic.com/firebasejs/9.17.1/firebase-app.js","app-check":"https://www.gstatic.com/firebasejs/9.17.1/firebase-app-check.js","auth":"https://www.gstatic.com/firebasejs/9.17.1/firebase-auth.js","auth/cordova":"https://www.gstatic.com/firebasejs/9.17.1/firebase-auth/cordova.js","auth/react-native":"https://www.gstatic.com/firebasejs/9.17.1/firebase-auth/react-native.js","functions":"https://www.gstatic.com/firebasejs/9.17.1/firebase-functions.js","firestore":"https://www.gstatic.com/firebasejs/9.17.1/firebase-firestore.js","firestore/lite":"https://www.gstatic.com/firebasejs/9.17.1/firebase-firestore/lite.js","installations":"https://www.gstatic.com/firebasejs/9.17.1/firebase-installations.js","storage":"https://www.gstatic.com/firebasejs/9.17.1/firebase-storage.js","performance":"https://www.gstatic.com/firebasejs/9.17.1/firebase-performance.js","remote-config":"https://www.gstatic.com/firebasejs/9.17.1/firebase-remote-config.js","messaging":"https://www.gstatic.com/firebasejs/9.17.1/firebase-messaging.js","messaging/sw":"https://www.gstatic.com/firebasejs/9.17.1/firebase-messaging/sw.js","database":"https://www.gstatic.com/firebasejs/9.17.1/firebase-database.js","firestore.memory":"https://www.gstatic.com/firebasejs/9.17.1/firebase-firestore.memory.js"}}
[info] +  Wrote public/index.html 
[info] 
[info] i  Didn't detect a .git folder. Assuming C:\Users\anakha.s\Documents\angularworks\shopie is the project root. 
[info] i  Authorizing with GitHub to upload your service account to a GitHub repository's secrets store. 
[info] 
[info] Visit this URL on this device to log in:
[info] https://github.com/login/oauth/authorize?client_id=89cf50f02ac6aaed3484&state=389828117&redirect_uri=http%3A%2F%2Flocalhost%3A9005&scope=read%3Auser%20repo%20public_repo
[info] 
[info] Waiting for authentication...
[debug] [2023-02-10T04:07:25.016Z] >>> [apiv2][query] POST https://github.com/login/oauth/access_token [none]
[debug] [2023-02-10T04:07:25.017Z] >>> [apiv2][body] POST https://github.com/login/oauth/access_token [stream]
[debug] [2023-02-10T04:07:25.488Z] <<< [apiv2][status] POST https://github.com/login/oauth/access_token 200
[debug] [2023-02-10T04:07:25.488Z] <<< [apiv2][body] POST https://github.com/login/oauth/access_token {"access_token":"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","token_type":"bearer","scope":"read:user,repo"}
[debug] [2023-02-10T04:07:25.504Z] >>> [apiv2][query] GET https://api.github.com/user [none]
[debug] [2023-02-10T04:07:26.010Z] <<< [apiv2][status] GET https://api.github.com/user 200
[debug] [2023-02-10T04:07:26.011Z] <<< [apiv2][body] GET https://api.github.com/user {"login":"anakha-sujith","id":124961478,"node_id":"U_kgDOB3LCxg","avatar_url":"https://avatars.githubusercontent.com/u/124961478?v=4","gravatar_id":"","url":"https://api.github.com/users/anakha-sujith","html_url":"https://github.com/anakha-sujith","followers_url":"https://api.github.com/users/anakha-sujith/followers","following_url":"https://api.github.com/users/anakha-sujith/following{/other_user}","gists_url":"https://api.github.com/users/anakha-sujith/gists{/gist_id}","starred_url":"https://api.github.com/users/anakha-sujith/starred{/owner}{/repo}","subscriptions_url":"https://api.github.com/users/anakha-sujith/subscriptions","organizations_url":"https://api.github.com/users/anakha-sujith/orgs","repos_url":"https://api.github.com/users/anakha-sujith/repos","events_url":"https://api.github.com/users/anakha-sujith/events{/privacy}","received_events_url":"https://api.github.com/users/anakha-sujith/received_events","type":"User","site_admin":false,"name":null,"company":null,"blog":"","location":null,"email":null,"hireable":null,"bio":null,"twitter_username":null,"public_repos":0,"public_gists":0,"followers":0,"following":0,"created_at":"2023-02-10T04:05:55Z","updated_at":"2023-02-10T04:05:55Z","private_gists":0,"total_private_repos":0,"owned_private_repos":0,"disk_usage":0,"collaborators":0,"two_factor_authentication":false,"plan":{"name":"free","space":976562499,"collaborators":0,"private_repos":10000}}
[info] 
[info] +  Success! Logged into GitHub as anakha-sujith 
[info] 
[debug] [2023-02-10T04:07:52.725Z] >>> [apiv2][query] GET https://api.github.com/repos/repository/actions/secrets/public-key type=owner
[debug] [2023-02-10T04:07:53.794Z] <<< [apiv2][status] GET https://api.github.com/repos/repository/actions/secrets/public-key 404
[debug] [2023-02-10T04:07:53.794Z] <<< [apiv2][body] GET https://api.github.com/repos/repository/actions/secrets/public-key {"message":"Not Found","documentation_url":"https://docs.github.com/rest"}
[debug] [2023-02-10T04:08:25.915Z] >>> [apiv2][query] GET https://api.github.com/repos/repository/actions/secrets/public-key type=owner
[debug] [2023-02-10T04:08:26.389Z] <<< [apiv2][status] GET https://api.github.com/repos/repository/actions/secrets/public-key 404
[debug] [2023-02-10T04:08:26.390Z] <<< [apiv2][body] GET https://api.github.com/repos/repository/actions/secrets/public-key {"message":"Not Found","documentation_url":"https://docs.github.com/rest"}
[debug] [2023-02-10T04:26:18.397Z] >>> [apiv2][query] GET https://api.github.com/repos/code/actions/secrets/public-key type=owner
[debug] [2023-02-10T04:26:18.994Z] <<< [apiv2][status] GET https://api.github.com/repos/code/actions/secrets/public-key 404
[debug] [2023-02-10T04:26:18.995Z] <<< [apiv2][body] GET https://api.github.com/repos/code/actions/secrets/public-key {"message":"Not Found","documentation_url":"https://docs.github.com/rest"}
[debug] [2023-02-10T04:26:20.034Z] >>> [apiv2][query] GET https://api.github.com/repos/code/actions/secrets/public-key type=owner
[debug] [2023-02-10T04:26:20.521Z] <<< [apiv2][status] GET https://api.github.com/repos/code/actions/secrets/public-key 404
[debug] [2023-02-10T04:26:20.521Z] <<< [apiv2][body] GET https://api.github.com/repos/code/actions/secrets/public-key {"message":"Not Found","documentation_url":"https://docs.github.com/rest"}
[debug] [2023-02-10T04:26:45.710Z] ----------------------------------------------------------------------
[debug] [2023-02-10T04:26:45.712Z] Command:       C:\Program Files\nodejs\node.exe C:\Users\anakha.s\AppData\Roaming\npm\node_modules\firebase-tools\lib\bin\firebase.js init
[debug] [2023-02-10T04:26:45.712Z] CLI Version:   11.22.0
[debug] [2023-02-10T04:26:45.712Z] Platform:      win32
[debug] [2023-02-10T04:26:45.712Z] Node Version:  v16.15.1
[debug] [2023-02-10T04:26:45.715Z] Time:          Fri Feb 10 2023 09:56:45 GMT+0530 (India Standard Time)
[debug] [2023-02-10T04:26:45.715Z] ----------------------------------------------------------------------
[debug] 
[debug] [2023-02-10T04:26:45.730Z] > command requires scopes: ["email","openid","https://www.googleapis.com/auth/cloudplatformprojects.readonly","https://www.googleapis.com/auth/firebase","https://www.googleapis.com/auth/cloud-platform"]
[debug] [2023-02-10T04:26:45.731Z] > authorizing via signed-in user (anakha.s@travancoreanalytics.com)
[info] 
     ######## #### ########  ######## ########     ###     ######  ########
     ##        ##  ##     ## ##       ##     ##  ##   ##  ##       ##
     ######    ##  ########  ######   ########  #########  ######  ######
     ##        ##  ##    ##  ##       ##     ## ##     ##       ## ##
     ##       #### ##     ## ######## ########  ##     ##  ######  ########

You're about to initialize a Firebase project in this directory:

  C:\Users\anakha.s\Documents\angularworks\shopie

